0 info it worked if it ends with ok
1 verbose cli [ '/usr/local/bin/node',
1 verbose cli   '/usr/local/bin/npm',
1 verbose cli   'install',
1 verbose cli   '-g',
1 verbose cli   'swagger-tools',
1 verbose cli   'cd',
1 verbose cli   '/data/projects/gbksoftyiidevelop/swagger-validator' ]
2 info using npm@2.14.2
3 info using node@v4.0.0
4 verbose install initial load of /usr/local/lib/package.json
5 verbose readDependencies loading dependencies from /usr/local/lib/package.json
6 silly cache add args [ 'swagger-tools', null ]
7 verbose cache add spec swagger-tools
8 silly cache add args [ 'cd', null ]
9 verbose cache add spec cd
10 silly cache add args [ '/data/projects/gbksoftyiidevelop/swagger-validator', null ]
11 verbose cache add spec /data/projects/gbksoftyiidevelop/swagger-validator
12 silly cache add parsed spec Result {
12 silly cache add   raw: 'swagger-tools',
12 silly cache add   scope: null,
12 silly cache add   name: 'swagger-tools',
12 silly cache add   rawSpec: '',
12 silly cache add   spec: '*',
12 silly cache add   type: 'range' }
13 silly addNamed swagger-tools@*
14 verbose addNamed "*" is a valid semver range for swagger-tools
15 silly addNameRange { name: 'swagger-tools', range: '*', hasData: false }
16 silly mapToRegistry name swagger-tools
17 silly mapToRegistry using default registry
18 silly mapToRegistry registry https://registry.npmjs.org/
19 silly mapToRegistry uri https://registry.npmjs.org/swagger-tools
20 verbose addNameRange registry:https://registry.npmjs.org/swagger-tools not in flight; fetching
21 silly cache add parsed spec Result {
21 silly cache add   raw: 'cd',
21 silly cache add   scope: null,
21 silly cache add   name: 'cd',
21 silly cache add   rawSpec: '',
21 silly cache add   spec: '*',
21 silly cache add   type: 'range' }
22 silly addNamed cd@*
23 verbose addNamed "*" is a valid semver range for cd
24 silly addNameRange { name: 'cd', range: '*', hasData: false }
25 silly mapToRegistry name cd
26 silly mapToRegistry using default registry
27 silly mapToRegistry registry https://registry.npmjs.org/
28 silly mapToRegistry uri https://registry.npmjs.org/cd
29 verbose addNameRange registry:https://registry.npmjs.org/cd not in flight; fetching
30 verbose request uri https://registry.npmjs.org/cd
31 verbose request no auth needed
32 info attempt registry request try #1 at 09:36:44
33 verbose request using bearer token for auth
34 verbose request id 81c90298917b7661
35 http request GET https://registry.npmjs.org/cd
36 silly cache add parsed spec Result {
36 silly cache add   raw: '/data/projects/gbksoftyiidevelop/swagger-validator',
36 silly cache add   scope: null,
36 silly cache add   name: null,
36 silly cache add   rawSpec: '/data/projects/gbksoftyiidevelop/swagger-validator',
36 silly cache add   spec: '/data/projects/gbksoftyiidevelop/swagger-validator',
36 silly cache add   type: 'local' }
37 error addLocal Could not install /data/projects/gbksoftyiidevelop/swagger-validator
38 verbose request uri https://registry.npmjs.org/swagger-tools
39 verbose request no auth needed
40 info attempt registry request try #1 at 09:36:44
41 verbose request using bearer token for auth
42 verbose etag "7W4T36RLZ2IYDERV0DHMKBHC9"
43 http request GET https://registry.npmjs.org/swagger-tools
44 http 200 https://registry.npmjs.org/cd
45 silly get cb [ 200,
45 silly get   { server: 'CouchDB/1.5.0 (Erlang OTP/R16B03)',
45 silly get     etag: '"42CM4KH8EINZXPMLTFDB07ROH"',
45 silly get     'content-type': 'application/json',
45 silly get     'content-encoding': 'gzip',
45 silly get     'cache-control': 'max-age=300',
45 silly get     'transfer-encoding': 'chunked',
45 silly get     'accept-ranges': 'bytes',
45 silly get     date: 'Thu, 26 May 2016 06:36:44 GMT',
45 silly get     via: '1.1 varnish',
45 silly get     connection: 'keep-alive',
45 silly get     'x-served-by': 'cache-fra1234-FRA',
45 silly get     'x-cache': 'MISS',
45 silly get     'x-cache-hits': '0',
45 silly get     'x-timer': 'S1464244604.739929,VS0,VE191',
45 silly get     vary: 'Accept-Encoding' } ]
46 verbose get saving cd to /home/user/.npm/registry.npmjs.org/cd/.cache.json
47 http 304 https://registry.npmjs.org/swagger-tools
48 silly get cb [ 304,
48 silly get   { 'cache-control': 'max-age=300',
48 silly get     'accept-ranges': 'bytes',
48 silly get     date: 'Thu, 26 May 2016 06:36:44 GMT',
48 silly get     via: '1.1 varnish',
48 silly get     connection: 'keep-alive',
48 silly get     'x-served-by': 'cache-fra1222-FRA',
48 silly get     'x-cache': 'MISS',
48 silly get     'x-cache-hits': '0',
48 silly get     'x-timer': 'S1464244604.754520,VS0,VE183',
48 silly get     vary: 'Accept-Encoding' } ]
49 verbose etag https://registry.npmjs.org/swagger-tools from cache
50 verbose get saving swagger-tools to /home/user/.npm/registry.npmjs.org/swagger-tools/.cache.json
51 silly addNameRange number 2 { name: 'swagger-tools', range: '*', hasData: true }
52 silly addNameRange versions [ 'swagger-tools',
52 silly addNameRange   [ '0.1.1',
52 silly addNameRange     '0.1.2',
52 silly addNameRange     '0.1.3',
52 silly addNameRange     '0.1.4',
52 silly addNameRange     '0.1.5',
52 silly addNameRange     '0.1.6',
52 silly addNameRange     '0.2.0',
52 silly addNameRange     '0.2.1',
52 silly addNameRange     '0.3.0',
52 silly addNameRange     '0.3.1',
52 silly addNameRange     '0.3.2',
52 silly addNameRange     '0.4.0',
52 silly addNameRange     '0.4.1',
52 silly addNameRange     '0.4.2',
52 silly addNameRange     '0.4.3',
52 silly addNameRange     '0.4.4',
52 silly addNameRange     '0.4.5',
52 silly addNameRange     '0.4.6',
52 silly addNameRange     '0.4.7',
52 silly addNameRange     '0.4.8',
52 silly addNameRange     '0.5.0',
52 silly addNameRange     '0.5.1',
52 silly addNameRange     '0.5.2',
52 silly addNameRange     '0.5.3',
52 silly addNameRange     '0.5.4',
52 silly addNameRange     '0.5.5',
52 silly addNameRange     '0.5.6',
52 silly addNameRange     '0.5.7',
52 silly addNameRange     '0.5.8',
52 silly addNameRange     '0.5.9',
52 silly addNameRange     '0.6.0',
52 silly addNameRange     '0.6.1',
52 silly addNameRange     '0.6.2',
52 silly addNameRange     '0.6.3',
52 silly addNameRange     '0.6.5',
52 silly addNameRange     '0.6.6',
52 silly addNameRange     '0.6.7',
52 silly addNameRange     '0.6.8',
52 silly addNameRange     '0.6.9',
52 silly addNameRange     '0.6.10',
52 silly addNameRange     '0.6.11',
52 silly addNameRange     '0.6.12',
52 silly addNameRange     '0.6.13',
52 silly addNameRange     '0.7.0',
52 silly addNameRange     '0.7.1',
52 silly addNameRange     '0.7.2',
52 silly addNameRange     '0.7.3',
52 silly addNameRange     '0.7.4',
52 silly addNameRange     '0.8.0',
52 silly addNameRange     '0.8.1',
52 silly addNameRange     '0.8.2',
52 silly addNameRange     '0.8.3',
52 silly addNameRange     '0.8.4',
52 silly addNameRange     '0.8.5',
52 silly addNameRange     '0.8.6',
52 silly addNameRange     '0.8.7',
52 silly addNameRange     '0.9.0',
52 silly addNameRange     '0.9.1',
52 silly addNameRange     '0.9.2',
52 silly addNameRange     '0.9.3',
52 silly addNameRange     '0.9.4',
52 silly addNameRange     '0.9.5',
52 silly addNameRange     '0.9.6',
52 silly addNameRange     '0.9.7',
52 silly addNameRange     '0.9.8',
52 silly addNameRange     '0.9.9',
52 silly addNameRange     '0.9.10',
52 silly addNameRange     '0.9.11',
52 silly addNameRange     '0.9.12',
52 silly addNameRange     '0.9.13',
52 silly addNameRange     '0.9.14',
52 silly addNameRange     '0.9.15',
52 silly addNameRange     '0.9.16',
52 silly addNameRange     '0.10.0',
52 silly addNameRange     '0.10.1' ] ]
53 silly addNamed swagger-tools@0.10.1
54 verbose addNamed "0.10.1" is a plain semver version for swagger-tools
55 silly addNameRange number 2 { name: 'cd', range: '*', hasData: true }
56 silly addNameRange versions [ 'cd',
56 silly addNameRange   [ '0.0.1',
56 silly addNameRange     '0.0.2',
56 silly addNameRange     '0.1.0',
56 silly addNameRange     '0.1.1',
56 silly addNameRange     '0.1.2',
56 silly addNameRange     '0.1.3',
56 silly addNameRange     '0.2.0',
56 silly addNameRange     '0.2.2',
56 silly addNameRange     '0.3.0',
56 silly addNameRange     '0.3.1',
56 silly addNameRange     '0.3.2',
56 silly addNameRange     '0.3.3' ] ]
57 silly addNamed cd@0.3.3
58 verbose addNamed "0.3.3" is a plain semver version for cd
59 silly mapToRegistry name cd
60 silly mapToRegistry using default registry
61 silly mapToRegistry registry https://registry.npmjs.org/
62 silly mapToRegistry uri https://registry.npmjs.org/cd
63 verbose addRemoteTarball https://registry.npmjs.org/cd/-/cd-0.3.3.tgz not in flight; adding
64 verbose addRemoteTarball [ 'https://registry.npmjs.org/cd/-/cd-0.3.3.tgz',
64 verbose addRemoteTarball   '108ecb57bff93b96b9115c54573cfef3008ef94d' ]
65 silly cache afterAdd swagger-tools@0.10.1
66 verbose afterAdd /home/user/.npm/swagger-tools/0.10.1/package/package.json not in flight; writing
67 info retry fetch attempt 1 at 09:36:44
68 info attempt registry request try #1 at 09:36:44
69 http fetch GET https://registry.npmjs.org/cd/-/cd-0.3.3.tgz
70 verbose request using bearer token for auth
71 verbose afterAdd /home/user/.npm/swagger-tools/0.10.1/package/package.json written
72 http fetch 200 https://registry.npmjs.org/cd/-/cd-0.3.3.tgz
73 silly fetchAndShaCheck shasum 108ecb57bff93b96b9115c54573cfef3008ef94d
74 verbose addTmpTarball /tmp/npm-4916-92289e2a/registry.npmjs.org/cd/-/cd-0.3.3.tgz not in flight; adding
75 verbose addTmpTarball already have metadata; skipping unpack for cd@0.3.3
76 silly cache afterAdd cd@0.3.3
77 verbose afterAdd /home/user/.npm/cd/0.3.3/package/package.json not in flight; writing
78 verbose afterAdd /home/user/.npm/cd/0.3.3/package/package.json written
79 verbose stack Error: EISDIR: illegal operation on a directory, read
79 verbose stack     at Error (native)
80 verbose cwd /data/projects/gbksoftyiidevelop
81 error Linux 3.16.0-38-generic
82 error argv "/usr/local/bin/node" "/usr/local/bin/npm" "install" "-g" "swagger-tools" "cd" "/data/projects/gbksoftyiidevelop/swagger-validator"
83 error node v4.0.0
84 error npm  v2.14.2
85 error code EISDIR
86 error errno -21
87 error syscall read
88 error eisdir EISDIR: illegal operation on a directory, read
88 error eisdir This is most likely not a problem with npm itself
88 error eisdir and is related to npm not being able to find a package.json in
88 error eisdir a package you are trying to install.
89 verbose exit [ -21, true ]
